<?xml version="1.0" encoding="UTF-8"?>
<testsuite xmlns:xsi="http://www.w3.org/2001/XMLSchema-instance" xsi:noNamespaceSchemaLocation="https://maven.apache.org/surefire/maven-surefire-plugin/xsd/surefire-test-report.xsd" name="bytecodeTest" time="0.089" tests="4" errors="0" skipped="0" failures="0">
  <properties>
[...]
</properties>
  <testcase name="testConstructor_withValidInput_shouldCreateBytecodeBlock" classname="bytecodeTest" time="0.059"/>
  <testcase name="testConstructor_withNullBlock_shouldThrowNullPointerException" classname="bytecodeTest" time="0"/>
  <testcase name="testBlockToHash_withValidBlock_shouldReturnArrayListOfHashes" classname="bytecodeTest" time="0.003"/>
  <testcase name="testConstructor_withNegativeLine_shouldThrowIllegalArgumentException" classname="bytecodeTest" time="0.002"/>
</testsuite>